<?xml version="1.0" encoding="UTF-8"?>
<!-- Generated by org.testng.reporters.JUnitReportReporter -->
<testsuite hostname="OF060299B5Q20" name="setup.TestRunner$OpenMRSTests" tests="1" failures="0" timestamp="14 Aug 2019 16:45:42 GMT" time="34.986" errors="0">
  <testcase name="login" time="34.986" classname="setup.TestRunner$OpenMRSTests"/>
</testsuite> <!-- setup.TestRunner$OpenMRSTests -->
